
     Program LD1 v.6.0 (svn rev. 13079) starts on 26Jul2018 at 14:41:24 

     This program is part of the open-source Quantum ESPRESSO suite
     for quantum simulation of materials; please cite
         "P. Giannozzi et al., J. Phys.:Condens. Matter 21 395502 (2009);
          URL http://www.quantum-espresso.org", 
     in publications or presentations arising from this work. More details at
     http://www.quantum-espresso.org/quote

     Serial version
     Waiting for input...
     Reading input from standard input
     --------------------------- All-electron run ----------------------------

     Cr                                                                         
     dirac relativistic calculation

     atomic number is 24.00
     dft =PZ   lsd =0 sic =0 latt =0  beta=0.20 tr2=1.0E-14
     Exchange-correlation      = PZ ( 1  1  0  0 0 0)
     mesh =1183 r(mesh) =  99.18097 a.u. xmin = -7.00 dx = 0.01250
     1 Ry =  13.60569193 eV, c = 137.03599966

     n l j   nl                  e(Ry)          e(Ha)          e(eV)
     Spin orbit split results
     1 0 0.5 1S 1( 2.00)      -431.1089      -215.5544     -5865.5344
     2 0 0.5 2S 1( 2.00)       -48.8938       -24.4469      -665.2343
     2 1 0.5 2P 1( 2.00)       -41.5881       -20.7940      -565.8342
     2 1 1.5 2P 1( 4.00)       -40.9541       -20.4770      -557.2082
     3 0 0.5 3S 1( 2.00)        -5.4025        -2.7012       -73.5041
     3 1 0.5 3P 1( 2.00)        -3.3800        -1.6900       -45.9867
     3 1 1.5 3P 1( 4.00)        -3.3045        -1.6523       -44.9606
     4 0 0.5 4S 1( 1.00)        -0.3082        -0.1541        -4.1934
     4 1 0.5 4P 1( 0.00)        -0.0808        -0.0404        -1.0993
     4 1 1.5 4P 1( 0.00)        -0.0787        -0.0394        -1.0713
     3 2 1.5 3D 1( 4.00)        -0.2316        -0.1158        -3.1508
     3 2 2.5 3D 1( 1.00)        -0.2259        -0.1129        -3.0730
     Averaged results
     1 0     1S 1( 2.00)      -431.1089      -215.5544     -5865.5344
     2 0     2S 1( 2.00)       -48.8938       -24.4469      -665.2343
     2 1     2P 1( 6.00)       -41.1654       -20.5827      -560.0835
     3 0     3S 1( 2.00)        -5.4025        -2.7012       -73.5041
     3 1     3P 1( 6.00)        -3.3297        -1.6648       -45.3026
     4 0     4S 1( 1.00)        -0.3082        -0.1541        -4.1934
     4 1     4P 1( 0.00)        -0.0794        -0.0397        -1.0806
     3 2     3D 1( 5.00)        -0.2281        -0.1141        -3.1041

     final scf error:  2.2E-15 reached in  25 iterations
 
     Etot =   -2096.997158 Ry,   -1048.498579 Ha,  -28531.097307 eV

     Ekin =    2120.560961 Ry,    1060.280481 Ha,   28851.699157 eV
     Encl =   -5012.336573 Ry,   -2506.168286 Ha,  -68196.307262 eV
     Eh   =     887.868495 Ry,     443.934248 Ha,   12080.065222 eV
     Exc  =     -93.090041 Ry,     -46.545021 Ha,   -1266.554425 eV


     normalization and overlap integrals

     s(1S/1S) =  1.000000  <r> =   0.0637  <r2> =    0.0055  r(max) =   0.0417
     s(1S/2S) =  0.000000
     s(1S/3S) = -0.000000
     s(1S/4S) =  0.000000
     s(2S/2S) =  1.000000  <r> =   0.2937  <r2> =    0.1020  r(max) =   0.2428
     s(2S/3S) =  0.000000
     s(2S/4S) =  0.000000
     s(2P/2P) =  1.000000  <r> =   0.2583  <r2> =    0.0822  r(max) =   0.1963
     s(2P/3P) =  0.000000
     s(2P/4P) =  0.000000
     s(2P/2P) =  1.000000  <r> =   0.2611  <r2> =    0.0839  r(max) =   0.1988
     s(2P/3P) =  0.000000
     s(2P/4P) =  0.000000
     s(3S/3S) =  1.000000  <r> =   0.9037  <r2> =    0.9449  r(max) =   0.7764
     s(3S/4S) =  0.000000
     s(3P/3P) =  1.000000  <r> =   0.9611  <r2> =    1.0939  r(max) =   0.7961
     s(3P/4P) =  0.000000
     s(3P/3P) =  1.000000  <r> =   0.9705  <r2> =    1.1154  r(max) =   0.7961
     s(3P/4P) = -0.000000
     s(4S/4S) =  1.000000  <r> =   3.3956  <r2> =   13.4417  r(max) =   2.7441
     s(4P/4P) =  1.000000  <r> =   5.0084  <r2> =   30.0781  r(max) =   3.8457
     s(4P/4P) =  1.000000  <r> =   5.0586  <r2> =   30.6807  r(max) =   3.8940
     s(3D/3D) =  1.000000  <r> =   1.5081  <r2> =    3.2744  r(max) =   0.8369
     s(3D/3D) =  1.000000  <r> =   1.5197  <r2> =    3.3311  r(max) =   0.8369

     ------------------------ End of All-electron run ------------------------


     --------------------- Generating NC pseudopotential ---------------------


      Generating local pot.: lloc=0, matching radius rcloc =   2.2500

      Computing core charge for nlcc: 

       r > 1.20 : true rho core
      Core charge pseudized with two Bessel functions
      Integrated core pseudo-charge :  10.16

     Fully relativistic calculation: |psi|^2

     Wfc 4P LC norm =  0.99998957 SC norm =  0.00001009 missing  0.00000034

     Wfc 4P LC norm =  0.99998977 SC norm =  0.00000746 missing  0.00000277

     Wfc 3D LC norm =  0.99987442 SC norm =  0.00012557 missing  0.00000001

     Wfc 3D LC norm =  0.99987558 SC norm =  0.00012305 missing  0.00000137


      Wfc   4P  rcut= 2.578  Using Troullier-Martins method 


      Wfc   4P  rcut= 2.578  Using Troullier-Martins method 


      Wfc   3D  rcut= 1.188  Using Troullier-Martins method 


      Wfc   3D  rcut= 1.188  Using Troullier-Martins method 

      The bmat matrix
     0.00801     0.00000     0.00000     0.00000
     0.00000     0.00941     0.00000     0.00000
     0.00000     0.00000    -9.54434     0.00000
     0.00000     0.00000     0.00000    -9.44873

     ------------------- End of pseudopotential generation -------------------

     --------------------------- All-electron run ----------------------------

     Cr                                                                         
     dirac relativistic calculation

     atomic number is 24.00
     dft =PZ   lsd =0 sic =0 latt =0  beta=0.20 tr2=1.0E-14
     Exchange-correlation      = PZ ( 1  1  0  0 0 0)
     mesh =1183 r(mesh) =  99.18097 a.u. xmin = -7.00 dx = 0.01250
     1 Ry =  13.60569193 eV, c = 137.03599966

     n l j   nl                  e(Ry)          e(Ha)          e(eV)
     Spin orbit split results
     1 0 0.5 1S 1( 2.00)      -431.1089      -215.5544     -5865.5344
     2 0 0.5 2S 1( 2.00)       -48.8938       -24.4469      -665.2343
     2 1 0.5 2P 1( 2.00)       -41.5881       -20.7940      -565.8342
     2 1 1.5 2P 1( 4.00)       -40.9541       -20.4770      -557.2082
     3 0 0.5 3S 1( 2.00)        -5.4025        -2.7012       -73.5041
     3 1 0.5 3P 1( 2.00)        -3.3800        -1.6900       -45.9867
     3 1 1.5 3P 1( 4.00)        -3.3045        -1.6523       -44.9606
     4 0 0.5 4S 1( 1.00)        -0.3082        -0.1541        -4.1934
     4 1 0.5 4P 1( 0.00)        -0.0808        -0.0404        -1.0993
     4 1 1.5 4P 1( 0.00)        -0.0787        -0.0394        -1.0713
     3 2 1.5 3D 1( 4.00)        -0.2316        -0.1158        -3.1508
     3 2 2.5 3D 1( 1.00)        -0.2259        -0.1129        -3.0730
     Averaged results
     1 0     1S 1( 2.00)      -431.1089      -215.5544     -5865.5344
     2 0     2S 1( 2.00)       -48.8938       -24.4469      -665.2343
     2 1     2P 1( 6.00)       -41.1654       -20.5827      -560.0835
     3 0     3S 1( 2.00)        -5.4025        -2.7012       -73.5041
     3 1     3P 1( 6.00)        -3.3297        -1.6648       -45.3026
     4 0     4S 1( 1.00)        -0.3082        -0.1541        -4.1934
     4 1     4P 1( 0.00)        -0.0794        -0.0397        -1.0806
     3 2     3D 1( 5.00)        -0.2281        -0.1141        -3.1041

     final scf error:  2.2E-15 reached in  25 iterations
 
     Etot =   -2096.997158 Ry,   -1048.498579 Ha,  -28531.097307 eV

     Ekin =    2120.560961 Ry,    1060.280481 Ha,   28851.699157 eV
     Encl =   -5012.336573 Ry,   -2506.168286 Ha,  -68196.307262 eV
     Eh   =     887.868495 Ry,     443.934248 Ha,   12080.065222 eV
     Exc  =     -93.090041 Ry,     -46.545021 Ha,   -1266.554425 eV


     normalization and overlap integrals

     s(1S/1S) =  1.000000  <r> =   0.0637  <r2> =    0.0055  r(max) =   0.0417
     s(1S/2S) =  0.000000
     s(1S/3S) = -0.000000
     s(1S/4S) =  0.000000
     s(2S/2S) =  1.000000  <r> =   0.2937  <r2> =    0.1020  r(max) =   0.2428
     s(2S/3S) =  0.000000
     s(2S/4S) =  0.000000
     s(2P/2P) =  1.000000  <r> =   0.2583  <r2> =    0.0822  r(max) =   0.1963
     s(2P/3P) =  0.000000
     s(2P/4P) =  0.000000
     s(2P/2P) =  1.000000  <r> =   0.2611  <r2> =    0.0839  r(max) =   0.1988
     s(2P/3P) =  0.000000
     s(2P/4P) =  0.000000
     s(3S/3S) =  1.000000  <r> =   0.9037  <r2> =    0.9449  r(max) =   0.7764
     s(3S/4S) =  0.000000
     s(3P/3P) =  1.000000  <r> =   0.9611  <r2> =    1.0939  r(max) =   0.7961
     s(3P/4P) =  0.000000
     s(3P/3P) =  1.000000  <r> =   0.9705  <r2> =    1.1154  r(max) =   0.7961
     s(3P/4P) = -0.000000
     s(4S/4S) =  1.000000  <r> =   3.3956  <r2> =   13.4417  r(max) =   2.7441
     s(4P/4P) =  1.000000  <r> =   5.0084  <r2> =   30.0781  r(max) =   3.8457
     s(4P/4P) =  1.000000  <r> =   5.0586  <r2> =   30.6807  r(max) =   3.8940
     s(3D/3D) =  1.000000  <r> =   1.5081  <r2> =    3.2744  r(max) =   0.8369
     s(3D/3D) =  1.000000  <r> =   1.5197  <r2> =    3.3311  r(max) =   0.8369

     ------------------------ End of All-electron run ------------------------


     ---------------------- Testing the pseudopotential ----------------------

     Cr                                                                         
     dirac relativistic calculation

     atomic number is 24.00   valence charge is  6.00
     dft =PZ   lsd =0 sic =0 latt =0  beta=0.20 tr2=1.0E-14
     mesh =1183 r(mesh) =  99.18097 xmin = -7.00 dx = 0.01250

     n l  j  nl             e AE (Ry)       e PS (Ry)    De AE-PS (Ry) 
     2 1 0.5 4P   1( 0.00)       -0.08080       -0.08079       -0.00000
     2 1 1.5 4P   1( 0.00)       -0.07874       -0.07874       -0.00000
     3 2 1.5 3D   1( 4.00)       -0.23158       -0.23153       -0.00005
     3 2 2.5 3D   1( 1.00)       -0.22586       -0.22588        0.00002
     1 0 0.5 4S   1( 1.00)       -0.30821       -0.30821        0.00000

     eps = 2.4E-15  iter =  9
 
     Etot =   -2096.997158 Ry,   -1048.498579 Ha,  -28531.097307 eV
     Etotps =   -37.616496 Ry,     -18.808248 Ha,    -511.798456 eV

     Ekin =      42.953466 Ry,      21.476733 Ha,     584.411620 eV
     Encl =     -26.940915 Ry,     -13.470457 Ha,    -366.549787 eV
     Ehrt =      19.483106 Ry,       9.741553 Ha,     265.081143 eV
     Ecxc =     -25.480646 Ry,     -12.740323 Ha,    -346.681824 eV
     (Ecc =     -17.258603 Ry,      -8.629302 Ha,    -234.815237 eV)
     Epseu=     -47.631507 Ry,     -23.815753 Ha,    -648.059608 eV

     ---------------------- End of pseudopotential test ----------------------

