
     Program LD1 v.6.2 starts on 19Jun2018 at 12: 2:35 

     This program is part of the open-source Quantum ESPRESSO suite
     for quantum simulation of materials; please cite
         "P. Giannozzi et al., J. Phys.:Condens. Matter 21 395502 (2009);
         "P. Giannozzi et al., J. Phys.:Condens. Matter 29 465901 (2017);
          URL http://www.quantum-espresso.org", 
     in publications or presentations arising from this work. More details at
     http://www.quantum-espresso.org/quote

     Parallel version (MPI & OpenMP), running on      48 processor cores
     Number of MPI processes:                 1
     Threads/MPI process:                    48

     MPI processes distributed on     1 nodes
     Waiting for input...
     Reading input from standard input
     --------------------------- All-electron run ----------------------------

     Mo                                                                         
     dirac relativistic calculation

     atomic number is 42.00
     dft =PZ   lsd =0 sic =0 latt =0  beta=0.20 tr2=1.0E-14
     Exchange-correlation      = PZ ( 1  1  0  0 0 0)
     mesh =1229 r(mesh) = 100.71859 a.u. xmin = -7.00 dx = 0.01250
     1 Ry =  13.60569193 eV, c = 137.03599966

     n l j   nl                  e(Ry)          e(Ha)          e(eV)
     Spin orbit split results
     1 0 0.5 1S 1( 2.00)     -1454.2080      -727.1040    -19785.5066
     2 0 0.5 2S 1( 2.00)      -205.3856      -102.6928     -2794.4128
     2 1 0.5 2P 1( 2.00)      -189.0760       -94.5380     -2572.5103
     2 1 1.5 2P 1( 4.00)      -181.2572       -90.6286     -2466.1292
     3 0 0.5 3S 1( 2.00)       -34.9111       -17.4555      -474.9893
     3 1 0.5 3P 1( 2.00)       -28.7009       -14.3505      -390.4957
     3 1 1.5 3P 1( 4.00)       -27.4123       -13.7061      -372.9627
     4 0 0.5 4S 1( 2.00)        -4.7242        -2.3621       -64.2756
     4 1 0.5 4P 1( 2.00)        -2.9542        -1.4771       -40.1939
     4 1 1.5 4P 1( 4.00)        -2.7686        -1.3843       -37.6686
     3 2 1.5 3D 1( 4.00)       -16.3899        -8.1949      -222.9953
     3 2 2.5 3D 1( 6.00)       -16.1456        -8.0728      -219.6725
     4 2 1.5 4D 1( 4.00)        -0.2936        -0.1468        -3.9944
     4 2 2.5 4D 1( 1.00)        -0.2786        -0.1393        -3.7904
     5 0 0.5 5S 1( 1.00)        -0.3167        -0.1584        -4.3096
     5 1 0.5 5P 1( 0.00)        -0.0903        -0.0452        -1.2288
     5 1 1.5 5P 1( 0.00)        -0.0826        -0.0413        -1.1240
     Averaged results
     1 0     1S 1( 2.00)     -1454.2080      -727.1040    -19785.5066
     2 0     2S 1( 2.00)      -205.3856      -102.6928     -2794.4128
     2 1     2P 1( 6.00)      -183.8635       -91.9317     -2501.5896
     3 0     3S 1( 2.00)       -34.9111       -17.4555      -474.9893
     3 1     3P 1( 6.00)       -27.8418       -13.9209      -378.8070
     4 0     4S 1( 2.00)        -4.7242        -2.3621       -64.2756
     4 1     4P 1( 6.00)        -2.8305        -1.4152       -38.5104
     3 2     3D 1(10.00)       -16.2433        -8.1217      -221.0016
     4 2     4D 1( 5.00)        -0.2846        -0.1423        -3.8720
     5 0     5S 1( 1.00)        -0.3167        -0.1584        -4.3096
     5 1     5P 1( 0.00)        -0.0852        -0.0426        -1.1589

     final scf error:  9.6E-15 reached in  26 iterations
 
     Etot =   -8090.029634 Ry,   -4045.014817 Ha, -110070.450901 eV

     Ekin =    8386.416407 Ry,    4193.208203 Ha,  114102.998029 eV
     Encl =  -19555.519092 Ry,   -9777.759546 Ha, -266066.368304 eV
     Eh   =    3317.929309 Ry,    1658.964655 Ha,   45142.724028 eV
     Exc  =    -238.856257 Ry,    -119.428129 Ha,   -3249.804653 eV


     normalization and overlap integrals

     s(1S/1S) =  1.000000  <r> =   0.0352  <r2> =    0.0017  r(max) =   0.0229
     s(1S/2S) =  0.000000
     s(1S/3S) = -0.000000
     s(1S/4S) =  0.000000
     s(1S/5S) =  0.000000
     s(2S/2S) =  1.000000  <r> =   0.1536  <r2> =    0.0279  r(max) =   0.1303
     s(2S/3S) =  0.000000
     s(2S/4S) =  0.000000
     s(2S/5S) =  0.000000
     s(2P/2P) =  1.000000  <r> =   0.1308  <r2> =    0.0210  r(max) =   0.1015
     s(2P/3P) =  0.000000
     s(2P/4P) =  0.000000
     s(2P/5P) =  0.000000
     s(2P/2P) =  1.000000  <r> =   0.1354  <r2> =    0.0224  r(max) =   0.1054
     s(2P/3P) =  0.000000
     s(2P/4P) =  0.000000
     s(2P/5P) =  0.000000
     s(3S/3S) =  1.000000  <r> =   0.4295  <r2> =    0.2115  r(max) =   0.3819
     s(3S/4S) =  0.000000
     s(3S/5S) =  0.000000
     s(3P/3P) =  1.000000  <r> =   0.4239  <r2> =    0.2094  r(max) =   0.3724
     s(3P/4P) =  0.000000
     s(3P/5P) =  0.000000
     s(3P/3P) =  1.000000  <r> =   0.4345  <r2> =    0.2198  r(max) =   0.3819
     s(3P/4P) =  0.000000
     s(3P/5P) =  0.000000
     s(4S/4S) =  1.000000  <r> =   1.1064  <r2> =    1.3902  r(max) =   0.9874
     s(4S/5S) =  0.000000
     s(4P/4P) =  1.000000  <r> =   1.2159  <r2> =    1.6998  r(max) =   1.0511
     s(4P/5P) =  0.000000
     s(4P/4P) =  1.000000  <r> =   1.2481  <r2> =    1.7919  r(max) =   1.0777
     s(4P/5P) = -0.000000
     s(3D/3D) =  1.000000  <r> =   0.4135  <r2> =    0.2059  r(max) =   0.3206
     s(3D/4D) =  0.000000
     s(3D/3D) =  1.000000  <r> =   0.4170  <r2> =    0.2092  r(max) =   0.3246
     s(3D/4D) = -0.000000
     s(4D/4D) =  1.000000  <r> =   1.9916  <r2> =    5.0223  r(max) =   1.3838
     s(4D/4D) =  1.000000  <r> =   2.0242  <r2> =    5.2000  r(max) =   1.4012
     s(5S/5S) =  1.000000  <r> =   3.5526  <r2> =   14.5253  r(max) =   2.9295
     s(5P/5P) =  1.000000  <r> =   5.0498  <r2> =   30.0801  r(max) =   3.9544
     s(5P/5P) =  1.000000  <r> =   5.2150  <r2> =   32.0915  r(max) =   4.1055

     ------------------------ End of All-electron run ------------------------


     --------------------- Generating NC pseudopotential ---------------------


      Generating local pot.: lloc=0, matching radius rcloc =   2.4500

     Fully relativistic calculation: |psi|^2

     Wfc 5P LC norm =  0.99998590 SC norm =  0.00001371 missing  0.00000039

     Wfc 5P LC norm =  0.99998680 SC norm =  0.00001047 missing  0.00000274

     Wfc 4D LC norm =  0.99989430 SC norm =  0.00010568 missing  0.00000001

     Wfc 4D LC norm =  0.99989707 SC norm =  0.00010053 missing  0.00000241


      Wfc   5P  rcut= 2.618  Using Troullier-Martins method 


      Wfc   5P  rcut= 2.618  Using Troullier-Martins method 


      Wfc   4D  rcut= 2.429  Using Troullier-Martins method 


      Wfc   4D  rcut= 2.429  Using Troullier-Martins method 

      The bmat matrix
     0.00875     0.00000     0.00000     0.00000
     0.00000     0.00606     0.00000     0.00000
     0.00000     0.00000    -3.79202     0.00000
     0.00000     0.00000     0.00000    -3.67595

     ------------------- End of pseudopotential generation -------------------

     --------------------------- All-electron run ----------------------------

     Mo                                                                         
     dirac relativistic calculation

     atomic number is 42.00
     dft =PZ   lsd =0 sic =0 latt =0  beta=0.20 tr2=1.0E-14
     Exchange-correlation      = PZ ( 1  1  0  0 0 0)
     mesh =1229 r(mesh) = 100.71859 a.u. xmin = -7.00 dx = 0.01250
     1 Ry =  13.60569193 eV, c = 137.03599966

     n l j   nl                  e(Ry)          e(Ha)          e(eV)
     Spin orbit split results
     1 0 0.5 1S 1( 2.00)     -1454.2080      -727.1040    -19785.5066
     2 0 0.5 2S 1( 2.00)      -205.3856      -102.6928     -2794.4128
     2 1 0.5 2P 1( 2.00)      -189.0760       -94.5380     -2572.5103
     2 1 1.5 2P 1( 4.00)      -181.2572       -90.6286     -2466.1292
     3 0 0.5 3S 1( 2.00)       -34.9111       -17.4555      -474.9893
     3 1 0.5 3P 1( 2.00)       -28.7009       -14.3505      -390.4957
     3 1 1.5 3P 1( 4.00)       -27.4123       -13.7061      -372.9627
     4 0 0.5 4S 1( 2.00)        -4.7242        -2.3621       -64.2756
     4 1 0.5 4P 1( 2.00)        -2.9542        -1.4771       -40.1939
     4 1 1.5 4P 1( 4.00)        -2.7686        -1.3843       -37.6686
     3 2 1.5 3D 1( 4.00)       -16.3899        -8.1949      -222.9953
     3 2 2.5 3D 1( 6.00)       -16.1456        -8.0728      -219.6725
     4 2 1.5 4D 1( 4.00)        -0.2936        -0.1468        -3.9944
     4 2 2.5 4D 1( 1.00)        -0.2786        -0.1393        -3.7904
     5 0 0.5 5S 1( 1.00)        -0.3167        -0.1584        -4.3096
     5 1 0.5 5P 1( 0.00)        -0.0903        -0.0452        -1.2288
     5 1 1.5 5P 1( 0.00)        -0.0826        -0.0413        -1.1240
     Averaged results
     1 0     1S 1( 2.00)     -1454.2080      -727.1040    -19785.5066
     2 0     2S 1( 2.00)      -205.3856      -102.6928     -2794.4128
     2 1     2P 1( 6.00)      -183.8635       -91.9317     -2501.5896
     3 0     3S 1( 2.00)       -34.9111       -17.4555      -474.9893
     3 1     3P 1( 6.00)       -27.8418       -13.9209      -378.8070
     4 0     4S 1( 2.00)        -4.7242        -2.3621       -64.2756
     4 1     4P 1( 6.00)        -2.8305        -1.4152       -38.5104
     3 2     3D 1(10.00)       -16.2433        -8.1217      -221.0016
     4 2     4D 1( 5.00)        -0.2846        -0.1423        -3.8720
     5 0     5S 1( 1.00)        -0.3167        -0.1584        -4.3096
     5 1     5P 1( 0.00)        -0.0852        -0.0426        -1.1589

     final scf error:  9.6E-15 reached in  26 iterations
 
     Etot =   -8090.029634 Ry,   -4045.014817 Ha, -110070.450901 eV

     Ekin =    8386.416407 Ry,    4193.208203 Ha,  114102.998029 eV
     Encl =  -19555.519092 Ry,   -9777.759546 Ha, -266066.368304 eV
     Eh   =    3317.929309 Ry,    1658.964655 Ha,   45142.724028 eV
     Exc  =    -238.856257 Ry,    -119.428129 Ha,   -3249.804653 eV


     normalization and overlap integrals

     s(1S/1S) =  1.000000  <r> =   0.0352  <r2> =    0.0017  r(max) =   0.0229
     s(1S/2S) =  0.000000
     s(1S/3S) = -0.000000
     s(1S/4S) =  0.000000
     s(1S/5S) =  0.000000
     s(2S/2S) =  1.000000  <r> =   0.1536  <r2> =    0.0279  r(max) =   0.1303
     s(2S/3S) =  0.000000
     s(2S/4S) =  0.000000
     s(2S/5S) =  0.000000
     s(2P/2P) =  1.000000  <r> =   0.1308  <r2> =    0.0210  r(max) =   0.1015
     s(2P/3P) =  0.000000
     s(2P/4P) =  0.000000
     s(2P/5P) =  0.000000
     s(2P/2P) =  1.000000  <r> =   0.1354  <r2> =    0.0224  r(max) =   0.1054
     s(2P/3P) =  0.000000
     s(2P/4P) =  0.000000
     s(2P/5P) =  0.000000
     s(3S/3S) =  1.000000  <r> =   0.4295  <r2> =    0.2115  r(max) =   0.3819
     s(3S/4S) =  0.000000
     s(3S/5S) =  0.000000
     s(3P/3P) =  1.000000  <r> =   0.4239  <r2> =    0.2094  r(max) =   0.3724
     s(3P/4P) =  0.000000
     s(3P/5P) =  0.000000
     s(3P/3P) =  1.000000  <r> =   0.4345  <r2> =    0.2198  r(max) =   0.3819
     s(3P/4P) =  0.000000
     s(3P/5P) =  0.000000
     s(4S/4S) =  1.000000  <r> =   1.1064  <r2> =    1.3902  r(max) =   0.9874
     s(4S/5S) =  0.000000
     s(4P/4P) =  1.000000  <r> =   1.2159  <r2> =    1.6998  r(max) =   1.0511
     s(4P/5P) =  0.000000
     s(4P/4P) =  1.000000  <r> =   1.2481  <r2> =    1.7919  r(max) =   1.0777
     s(4P/5P) = -0.000000
     s(3D/3D) =  1.000000  <r> =   0.4135  <r2> =    0.2059  r(max) =   0.3206
     s(3D/4D) =  0.000000
     s(3D/3D) =  1.000000  <r> =   0.4170  <r2> =    0.2092  r(max) =   0.3246
     s(3D/4D) = -0.000000
     s(4D/4D) =  1.000000  <r> =   1.9916  <r2> =    5.0223  r(max) =   1.3838
     s(4D/4D) =  1.000000  <r> =   2.0242  <r2> =    5.2000  r(max) =   1.4012
     s(5S/5S) =  1.000000  <r> =   3.5526  <r2> =   14.5253  r(max) =   2.9295
     s(5P/5P) =  1.000000  <r> =   5.0498  <r2> =   30.0801  r(max) =   3.9544
     s(5P/5P) =  1.000000  <r> =   5.2150  <r2> =   32.0915  r(max) =   4.1055

     ------------------------ End of All-electron run ------------------------


     ---------------------- Testing the pseudopotential ----------------------

     Mo                                                                         
     dirac relativistic calculation

     atomic number is 42.00   valence charge is  6.00
     dft =PZ   lsd =0 sic =0 latt =0  beta=0.20 tr2=1.0E-14
     mesh =1229 r(mesh) = 100.71859 xmin = -7.00 dx = 0.01250

     n l  j  nl             e AE (Ry)       e PS (Ry)    De AE-PS (Ry) 
     2 1 0.5 5P   1( 0.00)       -0.09032       -0.09031       -0.00000
     2 1 1.5 5P   1( 0.00)       -0.08261       -0.08261       -0.00000
     3 2 1.5 4D   1( 4.00)       -0.29358       -0.29358       -0.00000
     3 2 2.5 4D   1( 1.00)       -0.27859       -0.27859        0.00000
     1 0 0.5 5S   1( 1.00)       -0.31675       -0.31675       -0.00000

     eps = 5.8E-15  iter = 17
 
     Etot =   -8090.029634 Ry,   -4045.014817 Ha, -110070.450901 eV
     Etotps =   -15.382303 Ry,      -7.691151 Ha,    -209.286875 eV

     Ekin =      17.384947 Ry,       8.692473 Ha,     236.534228 eV
     Encl =     -25.023910 Ry,     -12.511955 Ha,    -340.467615 eV
     Ehrt =      14.713377 Ry,       7.356688 Ha,     200.185670 eV
     Ecxc =      -3.610816 Ry,      -1.805408 Ha,     -49.127654 eV
     Epseu=     -18.845900 Ry,      -9.422950 Ha,    -256.411503 eV

     ---------------------- End of pseudopotential test ----------------------

