
     Program LD1 v.6.2 starts on 13Jun2018 at  8: 8:56 

     This program is part of the open-source Quantum ESPRESSO suite
     for quantum simulation of materials; please cite
         "P. Giannozzi et al., J. Phys.:Condens. Matter 21 395502 (2009);
         "P. Giannozzi et al., J. Phys.:Condens. Matter 29 465901 (2017);
          URL http://www.quantum-espresso.org", 
     in publications or presentations arising from this work. More details at
     http://www.quantum-espresso.org/quote

     Parallel version (MPI & OpenMP), running on      48 processor cores
     Number of MPI processes:                 1
     Threads/MPI process:                    48

     MPI processes distributed on     1 nodes
     Waiting for input...
     Reading input from standard input
     --------------------------- All-electron run ----------------------------

     Se                                                                         
     dirac relativistic calculation

     atomic number is 34.00
     dft =PZ   lsd =0 sic =0 latt =0  beta=0.20 tr2=1.0E-14
     Exchange-correlation      = PZ ( 1  1  0  0 0 0)
     mesh =1211 r(mesh) =  99.34906 a.u. xmin = -7.00 dx = 0.01250
     1 Ry =  13.60569193 eV, c = 137.03599966

     n l j   nl                  e(Ry)          e(Ha)          e(eV)
     Spin orbit split results
     1 0 0.5 1S 1( 2.00)      -917.2206      -458.6103    -12479.4204
     2 0 0.5 2S 1( 2.00)      -117.8835       -58.9417     -1603.8861
     2 1 0.5 2P 1( 2.00)      -105.8582       -52.9291     -1440.2740
     2 1 1.5 2P 1( 4.00)      -102.7950       -51.3975     -1398.5974
     3 0 0.5 3S 1( 2.00)       -15.6173        -7.8087      -212.4842
     3 1 0.5 3P 1( 2.00)       -11.5043        -5.7522      -156.5243
     3 1 1.5 3P 1( 4.00)       -11.0718        -5.5359      -150.6398
     3 2 1.5 3D 1( 4.00)        -3.9545        -1.9773       -53.8040
     3 2 2.5 3D 1( 6.00)        -3.8886        -1.9443       -52.9076
     4 0 0.5 4S 1( 2.00)        -1.2805        -0.6402       -17.4218
     4 1 0.5 4P 1( 2.00)        -0.5054        -0.2527        -6.8766
     4 1 1.5 4P 1( 2.00)        -0.4771        -0.2385        -6.4910
     Averaged results
     1 0     1S 1( 2.00)      -917.2206      -458.6103    -12479.4204
     2 0     2S 1( 2.00)      -117.8835       -58.9417     -1603.8861
     2 1     2P 1( 6.00)      -103.8161       -51.9080     -1412.4896
     3 0     3S 1( 2.00)       -15.6173        -7.8087      -212.4842
     3 1     3P 1( 6.00)       -11.2160        -5.6080      -152.6013
     3 2     3D 1(10.00)        -3.9150        -1.9575       -53.2661
     4 0     4S 1( 2.00)        -1.2805        -0.6402       -17.4218
     4 1     4P 1( 4.00)        -0.4865        -0.2433        -6.6196

     final scf error:  5.9E-15 reached in  26 iterations
 
     Etot =   -4853.887786 Ry,   -2426.943893 Ha,  -66040.501883 eV

     Ekin =    4968.536270 Ry,    2484.268135 Ha,   67600.373836 eV
     Encl =  -11726.661203 Ry,   -5863.330602 Ha, -159549.339705 eV
     Eh   =    2073.586505 Ry,    1036.793253 Ha,   28212.579184 eV
     Exc  =    -169.349358 Ry,     -84.674679 Ha,   -2304.115198 eV


     normalization and overlap integrals

     s(1S/1S) =  1.000000  <r> =   0.0441  <r2> =    0.0026  r(max) =   0.0287
     s(1S/2S) =  0.000000
     s(1S/3S) = -0.000000
     s(1S/4S) =  0.000000
     s(2S/2S) =  1.000000  <r> =   0.1960  <r2> =    0.0454  r(max) =   0.1651
     s(2S/3S) =  0.000000
     s(2S/4S) =  0.000000
     s(2P/2P) =  1.000000  <r> =   0.1686  <r2> =    0.0349  r(max) =   0.1302
     s(2P/3P) =  0.000000
     s(2P/4P) =  0.000000
     s(2P/2P) =  1.000000  <r> =   0.1724  <r2> =    0.0364  r(max) =   0.1335
     s(2P/3P) =  0.000000
     s(2P/4P) =  0.000000
     s(3S/3S) =  1.000000  <r> =   0.5751  <r2> =    0.3812  r(max) =   0.5021
     s(3S/4S) =  0.000000
     s(3P/3P) =  1.000000  <r> =   0.5832  <r2> =    0.3995  r(max) =   0.4959
     s(3P/4P) =  0.000000
     s(3P/3P) =  1.000000  <r> =   0.5939  <r2> =    0.4141  r(max) =   0.5021
     s(3P/4P) = -0.000000
     s(3D/3D) =  1.000000  <r> =   0.6286  <r2> =    0.4949  r(max) =   0.4487
     s(3D/3D) =  1.000000  <r> =   0.6330  <r2> =    0.5019  r(max) =   0.4544
     s(4S/4S) =  1.000000  <r> =   1.7904  <r2> =    3.6920  r(max) =   1.5085
     s(4P/4P) =  1.000000  <r> =   2.2657  <r2> =    6.0785  r(max) =   1.7747
     s(4P/4P) =  1.000000  <r> =   2.3185  <r2> =    6.3692  r(max) =   1.8196

     ------------------------ End of All-electron run ------------------------


     --------------------- Generating NC pseudopotential ---------------------


      Generating local pot.: lloc=2, j= 1.50, matching radius rcloc =   1.9000

      Generating local pot.: lloc=2, j= 2.50, matching radius rcloc =   1.9000

      Computing core charge for nlcc: 

       r > 1.15 : true rho core
       r < 1.15 : rho core = a sin(br)/r    a=   7.49  b=   2.35

      Integrated core pseudo-charge :   4.76

     Fully relativistic calculation: |psi|^2

     Wfc 4S LC norm =  0.99990233 SC norm =  0.00009429 missing  0.00000338

     Wfc 4P LC norm =  0.99993782 SC norm =  0.00006188 missing  0.00000030

     Wfc 4P LC norm =  0.99994045 SC norm =  0.00005270 missing  0.00000686


      Wfc   4S  rcut= 1.913  Using Troullier-Martins method 


      Wfc   4P  rcut= 1.913  Using Troullier-Martins method 


      Wfc   4P  rcut= 1.913  Using Troullier-Martins method 

      The bmat matrix
     0.47083     0.00000     0.00000
     0.00000     0.04611     0.00000
     0.00000     0.00000     0.05498

     ------------------- End of pseudopotential generation -------------------

     --------------------------- All-electron run ----------------------------

     Se                                                                         
     dirac relativistic calculation

     atomic number is 34.00
     dft =PZ   lsd =0 sic =0 latt =0  beta=0.20 tr2=1.0E-14
     Exchange-correlation      = PZ ( 1  1  0  0 0 0)
     mesh =1211 r(mesh) =  99.34906 a.u. xmin = -7.00 dx = 0.01250
     1 Ry =  13.60569193 eV, c = 137.03599966

     n l j   nl                  e(Ry)          e(Ha)          e(eV)
     Spin orbit split results
     1 0 0.5 1S 1( 2.00)      -917.2206      -458.6103    -12479.4204
     2 0 0.5 2S 1( 2.00)      -117.8835       -58.9417     -1603.8861
     2 1 0.5 2P 1( 2.00)      -105.8582       -52.9291     -1440.2740
     2 1 1.5 2P 1( 4.00)      -102.7950       -51.3975     -1398.5974
     3 0 0.5 3S 1( 2.00)       -15.6173        -7.8087      -212.4842
     3 1 0.5 3P 1( 2.00)       -11.5043        -5.7522      -156.5243
     3 1 1.5 3P 1( 4.00)       -11.0718        -5.5359      -150.6398
     3 2 1.5 3D 1( 4.00)        -3.9545        -1.9773       -53.8040
     3 2 2.5 3D 1( 6.00)        -3.8886        -1.9443       -52.9076
     4 0 0.5 4S 1( 2.00)        -1.2805        -0.6402       -17.4218
     4 1 0.5 4P 1( 2.00)        -0.5054        -0.2527        -6.8766
     4 1 1.5 4P 1( 2.00)        -0.4771        -0.2385        -6.4910
     Averaged results
     1 0     1S 1( 2.00)      -917.2206      -458.6103    -12479.4204
     2 0     2S 1( 2.00)      -117.8835       -58.9417     -1603.8861
     2 1     2P 1( 6.00)      -103.8161       -51.9080     -1412.4896
     3 0     3S 1( 2.00)       -15.6173        -7.8087      -212.4842
     3 1     3P 1( 6.00)       -11.2160        -5.6080      -152.6013
     3 2     3D 1(10.00)        -3.9150        -1.9575       -53.2661
     4 0     4S 1( 2.00)        -1.2805        -0.6402       -17.4218
     4 1     4P 1( 4.00)        -0.4865        -0.2433        -6.6196

     final scf error:  5.9E-15 reached in  26 iterations
 
     Etot =   -4853.887786 Ry,   -2426.943893 Ha,  -66040.501883 eV

     Ekin =    4968.536270 Ry,    2484.268135 Ha,   67600.373836 eV
     Encl =  -11726.661203 Ry,   -5863.330602 Ha, -159549.339705 eV
     Eh   =    2073.586505 Ry,    1036.793253 Ha,   28212.579184 eV
     Exc  =    -169.349358 Ry,     -84.674679 Ha,   -2304.115198 eV


     normalization and overlap integrals

     s(1S/1S) =  1.000000  <r> =   0.0441  <r2> =    0.0026  r(max) =   0.0287
     s(1S/2S) =  0.000000
     s(1S/3S) = -0.000000
     s(1S/4S) =  0.000000
     s(2S/2S) =  1.000000  <r> =   0.1960  <r2> =    0.0454  r(max) =   0.1651
     s(2S/3S) =  0.000000
     s(2S/4S) =  0.000000
     s(2P/2P) =  1.000000  <r> =   0.1686  <r2> =    0.0349  r(max) =   0.1302
     s(2P/3P) =  0.000000
     s(2P/4P) =  0.000000
     s(2P/2P) =  1.000000  <r> =   0.1724  <r2> =    0.0364  r(max) =   0.1335
     s(2P/3P) =  0.000000
     s(2P/4P) =  0.000000
     s(3S/3S) =  1.000000  <r> =   0.5751  <r2> =    0.3812  r(max) =   0.5021
     s(3S/4S) =  0.000000
     s(3P/3P) =  1.000000  <r> =   0.5832  <r2> =    0.3995  r(max) =   0.4959
     s(3P/4P) =  0.000000
     s(3P/3P) =  1.000000  <r> =   0.5939  <r2> =    0.4141  r(max) =   0.5021
     s(3P/4P) = -0.000000
     s(3D/3D) =  1.000000  <r> =   0.6286  <r2> =    0.4949  r(max) =   0.4487
     s(3D/3D) =  1.000000  <r> =   0.6330  <r2> =    0.5019  r(max) =   0.4544
     s(4S/4S) =  1.000000  <r> =   1.7904  <r2> =    3.6920  r(max) =   1.5085
     s(4P/4P) =  1.000000  <r> =   2.2657  <r2> =    6.0785  r(max) =   1.7747
     s(4P/4P) =  1.000000  <r> =   2.3185  <r2> =    6.3692  r(max) =   1.8196

     ------------------------ End of All-electron run ------------------------


     ---------------------- Testing the pseudopotential ----------------------

     Se                                                                         
     dirac relativistic calculation

     atomic number is 34.00   valence charge is  6.00
     dft =PZ   lsd =0 sic =0 latt =0  beta=0.20 tr2=1.0E-14
     mesh =1211 r(mesh) =  99.34906 xmin = -7.00 dx = 0.01250

     n l  j  nl             e AE (Ry)       e PS (Ry)    De AE-PS (Ry) 
     1 0 0.5 4S   1( 2.00)       -1.28048       -1.28048        0.00001
     2 1 0.5 4P   1( 2.00)       -0.50542       -0.50542       -0.00000
     2 1 1.5 4P   1( 2.00)       -0.47708       -0.47709        0.00001

     eps = 6.3E-15  iter =  9
 
     Etot =   -4853.887786 Ry,   -2426.943893 Ha,  -66040.501883 eV
     Etotps =   -25.290061 Ry,     -12.645030 Ha,    -344.088775 eV

     Ekin =       5.976123 Ry,       2.988062 Ha,      81.309291 eV
     Encl =     -36.775727 Ry,     -18.387863 Ha,    -500.359207 eV
     Ehrt =      15.367237 Ry,       7.683618 Ha,     209.081892 eV
     Ecxc =     -11.001632 Ry,      -5.500816 Ha,    -149.684815 eV
     (Ecc =      -6.272599 Ry,      -3.136300 Ha,     -85.343050 eV)
     Epseu=       1.143938 Ry,       0.571969 Ha,      15.564065 eV

     ---------------------- End of pseudopotential test ----------------------

