
     Program LD1 v.6.0 (svn rev. 13079) starts on 20Jul2018 at 20:50:41 

     This program is part of the open-source Quantum ESPRESSO suite
     for quantum simulation of materials; please cite
         "P. Giannozzi et al., J. Phys.:Condens. Matter 21 395502 (2009);
          URL http://www.quantum-espresso.org", 
     in publications or presentations arising from this work. More details at
     http://www.quantum-espresso.org/quote

     Serial version
     Waiting for input...
     Reading input from standard input
     --------------------------- All-electron run ----------------------------

     C                                                                          
     dirac relativistic calculation

     atomic number is  6.00
     dft =PZ   lsd =0 sic =0 latt =0  beta=0.20 tr2=1.0E-14
     Exchange-correlation      = PZ ( 1  1  0  0 0 0)
     mesh =1073 r(mesh) = 100.30751 a.u. xmin = -7.00 dx = 0.01250
     1 Ry =  13.60569193 eV, c = 137.03599966

     n l j   nl                  e(Ry)          e(Ha)          e(eV)
     Spin orbit split results
     1 0 0.5 1S 1( 2.00)       -19.9033        -9.9516      -270.7975
     2 0 0.5 2S 1( 2.00)        -1.0025        -0.5013       -13.6398
     2 1 0.5 2P 1( 2.00)        -0.3985        -0.1993        -5.4222
     2 1 1.5 2P 1( 0.00)        -0.3979        -0.1989        -5.4133
     Averaged results
     1 0     1S 1( 2.00)       -19.9033        -9.9516      -270.7975
     2 0     2S 1( 2.00)        -1.0025        -0.5013       -13.6398
     2 1     2P 1( 2.00)        -0.3981        -0.1990        -5.4163

     final scf error:  3.0E-15 reached in  19 iterations
 
     Etot =     -74.881841 Ry,     -37.440920 Ha,   -1018.819254 eV

     Ekin =      74.475452 Ry,      37.237726 Ha,    1013.290050 eV
     Encl =    -175.166805 Ry,     -87.583403 Ha,   -2383.265589 eV
     Eh   =      35.268654 Ry,      17.634327 Ha,     479.854441 eV
     Exc  =      -9.459141 Ry,      -4.729570 Ha,    -128.698156 eV


     normalization and overlap integrals

     s(1S/1S) =  1.000000  <r> =   0.2727  <r2> =    0.1008  r(max) =   0.1752
     s(1S/2S) =  0.000000
     s(2S/2S) =  1.000000  <r> =   1.5830  <r2> =    3.0402  r(max) =   1.2162
     s(2P/2P) =  1.000000  <r> =   1.7938  <r2> =    4.2245  r(max) =   1.1862
     s(2P/2P) =  1.000000  <r> =   1.7952  <r2> =    4.2311  r(max) =   1.1862

     ------------------------ End of All-electron run ------------------------


     --------------------- Generating NC pseudopotential ---------------------


      Generating local pot.: lloc=0, matching radius rcloc =   1.3000

      Computing core charge for nlcc: 

       r > 0.52 : true rho core
       r < 0.52 : rho core = a sin(br)/r    a=   4.45  b=   5.01

      Integrated core pseudo-charge :   0.65

     Fully relativistic calculation: |psi|^2

     Wfc 2P LC norm =  0.99996715 SC norm =  0.00003258 missing  0.00000027

     Wfc 2P LC norm =  0.99996719 SC norm =  0.00002179 missing  0.00001102


      Wfc   2P  rcut= 1.295  Using Troullier-Martins method 


      Wfc   2P  rcut= 1.295  Using Troullier-Martins method 

      The bmat matrix
    -1.19195     0.00000
     0.00000    -1.18853

     ------------------- End of pseudopotential generation -------------------

     --------------------------- All-electron run ----------------------------

     C                                                                          
     dirac relativistic calculation

     atomic number is  6.00
     dft =PZ   lsd =0 sic =0 latt =0  beta=0.20 tr2=1.0E-14
     Exchange-correlation      = PZ ( 1  1  0  0 0 0)
     mesh =1073 r(mesh) = 100.30751 a.u. xmin = -7.00 dx = 0.01250
     1 Ry =  13.60569193 eV, c = 137.03599966

     n l j   nl                  e(Ry)          e(Ha)          e(eV)
     Spin orbit split results
     1 0 0.5 1S 1( 2.00)       -19.9033        -9.9516      -270.7975
     2 0 0.5 2S 1( 2.00)        -1.0025        -0.5013       -13.6398
     2 1 0.5 2P 1( 2.00)        -0.3985        -0.1993        -5.4222
     2 1 1.5 2P 1( 0.00)        -0.3979        -0.1989        -5.4133
     Averaged results
     1 0     1S 1( 2.00)       -19.9033        -9.9516      -270.7975
     2 0     2S 1( 2.00)        -1.0025        -0.5013       -13.6398
     2 1     2P 1( 2.00)        -0.3981        -0.1990        -5.4163

     final scf error:  3.0E-15 reached in  19 iterations
 
     Etot =     -74.881841 Ry,     -37.440920 Ha,   -1018.819254 eV

     Ekin =      74.475452 Ry,      37.237726 Ha,    1013.290050 eV
     Encl =    -175.166805 Ry,     -87.583403 Ha,   -2383.265589 eV
     Eh   =      35.268654 Ry,      17.634327 Ha,     479.854441 eV
     Exc  =      -9.459141 Ry,      -4.729570 Ha,    -128.698156 eV


     normalization and overlap integrals

     s(1S/1S) =  1.000000  <r> =   0.2727  <r2> =    0.1008  r(max) =   0.1752
     s(1S/2S) =  0.000000
     s(2S/2S) =  1.000000  <r> =   1.5830  <r2> =    3.0402  r(max) =   1.2162
     s(2P/2P) =  1.000000  <r> =   1.7938  <r2> =    4.2245  r(max) =   1.1862
     s(2P/2P) =  1.000000  <r> =   1.7952  <r2> =    4.2311  r(max) =   1.1862

     ------------------------ End of All-electron run ------------------------


     ---------------------- Testing the pseudopotential ----------------------

     C                                                                          
     dirac relativistic calculation

     atomic number is  6.00   valence charge is  4.00
     dft =PZ   lsd =0 sic =0 latt =0  beta=0.20 tr2=1.0E-14
     mesh =1073 r(mesh) = 100.30751 xmin = -7.00 dx = 0.01250

     n l  j  nl             e AE (Ry)       e PS (Ry)    De AE-PS (Ry) 
     2 1 0.5 2P   1( 2.00)       -0.39852       -0.39851       -0.00001
     2 1 1.5 2P   1( 0.00)       -0.39787       -0.39788        0.00001
     1 0 0.5 2S   1( 2.00)       -1.00251       -1.00252        0.00001

     eps = 2.8E-17  iter =  9
 
     Etot =     -74.881841 Ry,     -37.440920 Ha,   -1018.819254 eV
     Etotps =   -11.662324 Ry,      -5.831162 Ha,    -158.673994 eV

     Ekin =       6.407837 Ry,       3.203918 Ha,      87.183051 eV
     Encl =     -20.567203 Ry,     -10.283602 Ha,    -279.831035 eV
     Ehrt =       8.731738 Ry,       4.365869 Ha,     118.801343 eV
     Ecxc =      -3.850742 Ry,      -1.925371 Ha,     -52.392014 eV
     (Ecc =      -0.901466 Ry,      -0.450733 Ha,     -12.265063 eV)
     Epseu=      -2.383954 Ry,      -1.191977 Ha,     -32.435339 eV

     ---------------------- End of pseudopotential test ----------------------

