
     Program LD1 v.6.0 (svn rev. 13079) starts on 16Jul2018 at 11: 3:28 

     This program is part of the open-source Quantum ESPRESSO suite
     for quantum simulation of materials; please cite
         "P. Giannozzi et al., J. Phys.:Condens. Matter 21 395502 (2009);
          URL http://www.quantum-espresso.org", 
     in publications or presentations arising from this work. More details at
     http://www.quantum-espresso.org/quote

     Serial version
     Waiting for input...
     Reading input from standard input
     --------------------------- All-electron run ----------------------------

     Mn                                                                         
     dirac relativistic calculation

     atomic number is 25.00
     dft =PZ   lsd =0 sic =0 latt =0  beta=0.20 tr2=1.0E-14
     Exchange-correlation      = PZ ( 1  1  0  0 0 0)
     mesh =1187 r(mesh) = 100.09544 a.u. xmin = -7.00 dx = 0.01250
     1 Ry =  13.60569193 eV, c = 137.03599966

     n l j   nl                  e(Ry)          e(Ha)          e(eV)
     Spin orbit split results
     1 0 0.5 1S 1( 2.00)      -471.3629      -235.6814     -6413.2181
     2 0 0.5 2S 1( 2.00)       -54.5298       -27.2649      -741.9152
     2 1 0.5 2P 1( 2.00)       -46.7776       -23.3888      -636.4418
     2 1 1.5 2P 1( 4.00)       -46.0130       -23.0065      -626.0386
     3 0 0.5 3S 1( 2.00)        -6.2724        -3.1362       -85.3410
     3 1 0.5 3P 1( 2.00)        -4.0637        -2.0318       -55.2893
     3 1 1.5 3P 1( 4.00)        -3.9696        -1.9848       -54.0088
     4 0 0.5 4S 1( 2.00)        -0.3885        -0.1942        -5.2855
     4 1 0.5 4P 1( 0.00)        -0.1104        -0.0552        -1.5025
     4 1 1.5 4P 1( 0.00)        -0.1073        -0.0536        -1.4594
     3 2 1.5 3D 1( 4.00)        -0.5178        -0.2589        -7.0456
     3 2 2.5 3D 1( 1.00)        -0.5091        -0.2546        -6.9270
     Averaged results
     1 0     1S 1( 2.00)      -471.3629      -235.6814     -6413.2181
     2 0     2S 1( 2.00)       -54.5298       -27.2649      -741.9152
     2 1     2P 1( 6.00)       -46.2679       -23.1339      -629.5063
     3 0     3S 1( 2.00)        -6.2724        -3.1362       -85.3410
     3 1     3P 1( 6.00)        -4.0009        -2.0005       -54.4356
     4 0     4S 1( 2.00)        -0.3885        -0.1942        -5.2855
     4 1     4P 1( 0.00)        -0.1083        -0.0542        -1.4738
     3 2     3D 1( 5.00)        -0.5126        -0.2563        -6.9745

     final scf error:  4.6E-15 reached in  30 iterations
 
     Etot =   -2312.333459 Ry,   -1156.166730 Ha,  -31460.896687 eV

     Ekin =    2340.870430 Ry,    1170.435215 Ha,   31849.161918 eV
     Encl =   -5528.933486 Ry,   -2764.466743 Ha,  -75224.965717 eV
     Eh   =     975.238019 Ry,     487.619009 Ha,   13268.788041 eV
     Exc  =     -99.508422 Ry,     -49.754211 Ha,   -1353.880929 eV


     normalization and overlap integrals

     s(1S/1S) =  1.000000  <r> =   0.0610  <r2> =    0.0050  r(max) =   0.0400
     s(1S/2S) =  0.000000
     s(1S/3S) = -0.000000
     s(1S/4S) =  0.000000
     s(2S/2S) =  1.000000  <r> =   0.2799  <r2> =    0.0926  r(max) =   0.2331
     s(2S/3S) =  0.000000
     s(2S/4S) =  0.000000
     s(2P/2P) =  1.000000  <r> =   0.2454  <r2> =    0.0742  r(max) =   0.1861
     s(2P/3P) =  0.000000
     s(2P/4P) =  0.000000
     s(2P/2P) =  1.000000  <r> =   0.2484  <r2> =    0.0759  r(max) =   0.1885
     s(2P/3P) =  0.000000
     s(2P/4P) =  0.000000
     s(3S/3S) =  1.000000  <r> =   0.8532  <r2> =    0.8415  r(max) =   0.7361
     s(3S/4S) =  0.000000
     s(3P/3P) =  1.000000  <r> =   0.8993  <r2> =    0.9557  r(max) =   0.7454
     s(3P/4P) =  0.000000
     s(3P/3P) =  1.000000  <r> =   0.9086  <r2> =    0.9756  r(max) =   0.7547
     s(3P/4P) = -0.000000
     s(4S/4S) =  1.000000  <r> =   3.0694  <r2> =   10.9475  r(max) =   2.5058
     s(4P/4P) =  1.000000  <r> =   4.3719  <r2> =   22.8363  r(max) =   3.3825
     s(4P/4P) =  1.000000  <r> =   4.4208  <r2> =   23.3497  r(max) =   3.3825
     s(3D/3D) =  1.000000  <r> =   1.2202  <r2> =    2.0161  r(max) =   0.7547
     s(3D/3D) =  1.000000  <r> =   1.2270  <r2> =    2.0404  r(max) =   0.7547

     ------------------------ End of All-electron run ------------------------


     --------------------- Generating NC pseudopotential ---------------------


      Generating local pot.: lloc=0, matching radius rcloc =   2.3000

      Computing core charge for nlcc: 

       r > 1.08 : true rho core
       r < 1.08 : rho core = a sin(br)/r    a=  10.20  b=   2.33

      Integrated core pseudo-charge :   7.01

     Fully relativistic calculation: |psi|^2

     Wfc 4P LC norm =  0.99998567 SC norm =  0.00001411 missing  0.00000022

     Wfc 4P LC norm =  0.99998597 SC norm =  0.00001079 missing  0.00000323

     Wfc 3D LC norm =  0.99983481 SC norm =  0.00016517 missing  0.00000001

     Wfc 3D LC norm =  0.99983606 SC norm =  0.00016332 missing  0.00000063


      Wfc   4P  rcut= 2.602  Using Troullier-Martins method 


      Wfc   4P  rcut= 2.602  Using Troullier-Martins method 


      Wfc   3D  rcut= 2.354  Using Troullier-Martins method 


      Wfc   3D  rcut= 2.354  Using Troullier-Martins method 

      The bmat matrix
     0.01087     0.00000     0.00000     0.00000
     0.00000     0.01353     0.00000     0.00000
     0.00000     0.00000    -8.69660     0.00000
     0.00000     0.00000     0.00000    -8.63399

     ------------------- End of pseudopotential generation -------------------

     --------------------------- All-electron run ----------------------------

     Mn                                                                         
     dirac relativistic calculation

     atomic number is 25.00
     dft =PZ   lsd =0 sic =0 latt =0  beta=0.20 tr2=1.0E-14
     Exchange-correlation      = PZ ( 1  1  0  0 0 0)
     mesh =1187 r(mesh) = 100.09544 a.u. xmin = -7.00 dx = 0.01250
     1 Ry =  13.60569193 eV, c = 137.03599966

     n l j   nl                  e(Ry)          e(Ha)          e(eV)
     Spin orbit split results
     1 0 0.5 1S 1( 2.00)      -471.3629      -235.6814     -6413.2181
     2 0 0.5 2S 1( 2.00)       -54.5298       -27.2649      -741.9152
     2 1 0.5 2P 1( 2.00)       -46.7776       -23.3888      -636.4418
     2 1 1.5 2P 1( 4.00)       -46.0130       -23.0065      -626.0386
     3 0 0.5 3S 1( 2.00)        -6.2724        -3.1362       -85.3410
     3 1 0.5 3P 1( 2.00)        -4.0637        -2.0318       -55.2893
     3 1 1.5 3P 1( 4.00)        -3.9696        -1.9848       -54.0088
     4 0 0.5 4S 1( 2.00)        -0.3885        -0.1942        -5.2855
     4 1 0.5 4P 1( 0.00)        -0.1104        -0.0552        -1.5025
     4 1 1.5 4P 1( 0.00)        -0.1073        -0.0536        -1.4594
     3 2 1.5 3D 1( 4.00)        -0.5178        -0.2589        -7.0456
     3 2 2.5 3D 1( 1.00)        -0.5091        -0.2546        -6.9270
     Averaged results
     1 0     1S 1( 2.00)      -471.3629      -235.6814     -6413.2181
     2 0     2S 1( 2.00)       -54.5298       -27.2649      -741.9152
     2 1     2P 1( 6.00)       -46.2679       -23.1339      -629.5063
     3 0     3S 1( 2.00)        -6.2724        -3.1362       -85.3410
     3 1     3P 1( 6.00)        -4.0009        -2.0005       -54.4356
     4 0     4S 1( 2.00)        -0.3885        -0.1942        -5.2855
     4 1     4P 1( 0.00)        -0.1083        -0.0542        -1.4738
     3 2     3D 1( 5.00)        -0.5126        -0.2563        -6.9745

     final scf error:  4.6E-15 reached in  30 iterations
 
     Etot =   -2312.333459 Ry,   -1156.166730 Ha,  -31460.896687 eV

     Ekin =    2340.870430 Ry,    1170.435215 Ha,   31849.161918 eV
     Encl =   -5528.933486 Ry,   -2764.466743 Ha,  -75224.965717 eV
     Eh   =     975.238019 Ry,     487.619009 Ha,   13268.788041 eV
     Exc  =     -99.508422 Ry,     -49.754211 Ha,   -1353.880929 eV


     normalization and overlap integrals

     s(1S/1S) =  1.000000  <r> =   0.0610  <r2> =    0.0050  r(max) =   0.0400
     s(1S/2S) =  0.000000
     s(1S/3S) = -0.000000
     s(1S/4S) =  0.000000
     s(2S/2S) =  1.000000  <r> =   0.2799  <r2> =    0.0926  r(max) =   0.2331
     s(2S/3S) =  0.000000
     s(2S/4S) =  0.000000
     s(2P/2P) =  1.000000  <r> =   0.2454  <r2> =    0.0742  r(max) =   0.1861
     s(2P/3P) =  0.000000
     s(2P/4P) =  0.000000
     s(2P/2P) =  1.000000  <r> =   0.2484  <r2> =    0.0759  r(max) =   0.1885
     s(2P/3P) =  0.000000
     s(2P/4P) =  0.000000
     s(3S/3S) =  1.000000  <r> =   0.8532  <r2> =    0.8415  r(max) =   0.7361
     s(3S/4S) =  0.000000
     s(3P/3P) =  1.000000  <r> =   0.8993  <r2> =    0.9557  r(max) =   0.7454
     s(3P/4P) =  0.000000
     s(3P/3P) =  1.000000  <r> =   0.9086  <r2> =    0.9756  r(max) =   0.7547
     s(3P/4P) = -0.000000
     s(4S/4S) =  1.000000  <r> =   3.0694  <r2> =   10.9475  r(max) =   2.5058
     s(4P/4P) =  1.000000  <r> =   4.3719  <r2> =   22.8363  r(max) =   3.3825
     s(4P/4P) =  1.000000  <r> =   4.4208  <r2> =   23.3497  r(max) =   3.3825
     s(3D/3D) =  1.000000  <r> =   1.2202  <r2> =    2.0161  r(max) =   0.7547
     s(3D/3D) =  1.000000  <r> =   1.2270  <r2> =    2.0404  r(max) =   0.7547

     ------------------------ End of All-electron run ------------------------


     ---------------------- Testing the pseudopotential ----------------------

     Mn                                                                         
     dirac relativistic calculation

     atomic number is 25.00   valence charge is  7.00
     dft =PZ   lsd =0 sic =0 latt =0  beta=0.20 tr2=1.0E-14
     mesh =1187 r(mesh) = 100.09544 xmin = -7.00 dx = 0.01250

     n l  j  nl             e AE (Ry)       e PS (Ry)    De AE-PS (Ry) 
     2 1 0.5 4P   1( 0.00)       -0.11043       -0.11043       -0.00000
     2 1 1.5 4P   1( 0.00)       -0.10727       -0.10727        0.00000
     3 2 1.5 3D   1( 4.00)       -0.51784       -0.51784       -0.00000
     3 2 2.5 3D   1( 1.00)       -0.50913       -0.50913        0.00000
     1 0 0.5 4S   1( 2.00)       -0.38848       -0.38848        0.00000

     eps = 8.9E-15  iter = 10
 
     Etot =   -2312.333459 Ry,   -1156.166730 Ha,  -31460.896687 eV
     Etotps =   -38.067544 Ry,     -19.033772 Ha,    -517.935276 eV

     Ekin =      37.410500 Ry,      18.705250 Ha,     508.995744 eV
     Encl =     -39.383120 Ry,     -19.691560 Ha,    -535.834598 eV
     Ehrt =      25.714589 Ry,      12.857294 Ha,     349.864775 eV
     Ecxc =     -18.381137 Ry,      -9.190569 Ha,    -250.088089 eV
     (Ecc =      -9.876325 Ry,      -4.938163 Ha,    -134.374240 eV)
     Epseu=     -43.428376 Ry,     -21.714188 Ha,    -590.873107 eV

     ---------------------- End of pseudopotential test ----------------------

